{"D:\\Work\\dev\\namaste-react-js\\projects\\zomato\\src\\components\\Card.js": {"path":"D:\\Work\\dev\\namaste-react-js\\projects\\zomato\\src\\components\\Card.js","statementMap":{"0":{"start":{"line":7,"column":13},"end":{"line":43,"column":1}},"1":{"start":{"line":10,"column":48},"end":{"line":10,"column":59}},"2":{"start":{"line":16,"column":24},"end":{"line":16,"column":47}},"3":{"start":{"line":25,"column":2},"end":{"line":42,"column":4}},"4":{"start":{"line":45,"column":26},"end":{"line":55,"column":1}},"5":{"start":{"line":46,"column":2},"end":{"line":54,"column":3}},"6":{"start":{"line":47,"column":4},"end":{"line":47,"column":36}},"7":{"start":{"line":48,"column":4},"end":{"line":53,"column":5}}},"fnMap":{"0":{"name":"(anonymous_0)","decl":{"start":{"line":7,"column":13},"end":{"line":7,"column":14}},"loc":{"start":{"line":7,"column":24},"end":{"line":43,"column":1}},"line":7},"1":{"name":"(anonymous_1)","decl":{"start":{"line":45,"column":26},"end":{"line":45,"column":27}},"loc":{"start":{"line":45,"column":36},"end":{"line":55,"column":1}},"line":45},"2":{"name":"(anonymous_2)","decl":{"start":{"line":46,"column":9},"end":{"line":46,"column":10}},"loc":{"start":{"line":46,"column":20},"end":{"line":54,"column":3}},"line":46}},"branchMap":{},"s":{"0":1,"1":1,"2":1,"3":1,"4":1,"5":0,"6":0,"7":0},"f":{"0":1,"1":0,"2":0},"b":{},"_coverageSchema":"1a1c01bbd47fc00a2c39e90264f33305004495a9","hash":"5dafdf887d23ae1f2810b53a8d8220a88ab6440e"}
,"D:\\Work\\dev\\namaste-react-js\\projects\\zomato\\src\\components\\Grocery.js": {"path":"D:\\Work\\dev\\namaste-react-js\\projects\\zomato\\src\\components\\Grocery.js","statementMap":{"0":{"start":{"line":1,"column":16},"end":{"line":15,"column":1}},"1":{"start":{"line":2,"column":2},"end":{"line":14,"column":10}}},"fnMap":{"0":{"name":"(anonymous_0)","decl":{"start":{"line":1,"column":16},"end":{"line":1,"column":17}},"loc":{"start":{"line":1,"column":22},"end":{"line":15,"column":1}},"line":1}},"branchMap":{},"s":{"0":1,"1":4},"f":{"0":4},"b":{},"_coverageSchema":"1a1c01bbd47fc00a2c39e90264f33305004495a9","hash":"dfd94d0827cdd6af8fd233f2456f7121a4bf381f"}
,"D:\\Work\\dev\\namaste-react-js\\projects\\zomato\\src\\components\\Header.js": {"path":"D:\\Work\\dev\\namaste-react-js\\projects\\zomato\\src\\components\\Header.js","statementMap":{"0":{"start":{"line":7,"column":15},"end":{"line":40,"column":1}},"1":{"start":{"line":8,"column":32},"end":{"line":8,"column":49}},"2":{"start":{"line":9,"column":17},"end":{"line":9,"column":34}},"3":{"start":{"line":10,"column":23},"end":{"line":10,"column":46}},"4":{"start":{"line":13,"column":20},"end":{"line":13,"column":60}},"5":{"start":{"line":13,"column":43},"end":{"line":13,"column":59}},"6":{"start":{"line":15,"column":2},"end":{"line":39,"column":13}},"7":{"start":{"line":30,"column":14},"end":{"line":30,"column":76}}},"fnMap":{"0":{"name":"(anonymous_0)","decl":{"start":{"line":7,"column":15},"end":{"line":7,"column":16}},"loc":{"start":{"line":7,"column":21},"end":{"line":40,"column":1}},"line":7},"1":{"name":"(anonymous_1)","decl":{"start":{"line":13,"column":32},"end":{"line":13,"column":33}},"loc":{"start":{"line":13,"column":43},"end":{"line":13,"column":59}},"line":13},"2":{"name":"(anonymous_2)","decl":{"start":{"line":29,"column":21},"end":{"line":29,"column":22}},"loc":{"start":{"line":29,"column":27},"end":{"line":31,"column":13}},"line":29}},"branchMap":{"0":{"loc":{"start":{"line":23,"column":47},"end":{"line":23,"column":72}},"type":"cond-expr","locations":[{"start":{"line":23,"column":54},"end":{"line":23,"column":62}},{"start":{"line":23,"column":63},"end":{"line":23,"column":72}}],"line":23},"1":{"loc":{"start":{"line":30,"column":14},"end":{"line":30,"column":76}},"type":"cond-expr","locations":[{"start":{"line":30,"column":35},"end":{"line":30,"column":55}},{"start":{"line":30,"column":57},"end":{"line":30,"column":76}}],"line":30}},"s":{"0":1,"1":5,"2":5,"3":5,"4":5,"5":9,"6":5,"7":1},"f":{"0":5,"1":9,"2":1},"b":{"0":[5,0],"1":[1,0]},"_coverageSchema":"1a1c01bbd47fc00a2c39e90264f33305004495a9","hash":"6e329acef838b3301bf70b83a48277b630bc981d"}
,"D:\\Work\\dev\\namaste-react-js\\projects\\zomato\\src\\components\\sum.js": {"path":"D:\\Work\\dev\\namaste-react-js\\projects\\zomato\\src\\components\\sum.js","statementMap":{"0":{"start":{"line":1,"column":19},"end":{"line":3,"column":1}},"1":{"start":{"line":2,"column":2},"end":{"line":2,"column":15}}},"fnMap":{"0":{"name":"(anonymous_0)","decl":{"start":{"line":1,"column":19},"end":{"line":1,"column":20}},"loc":{"start":{"line":1,"column":29},"end":{"line":3,"column":1}},"line":1}},"branchMap":{},"s":{"0":1,"1":1},"f":{"0":1},"b":{},"_coverageSchema":"1a1c01bbd47fc00a2c39e90264f33305004495a9","hash":"1c2ca117daf5acba121ab5e17cfe683973d2062e"}
,"D:\\Work\\dev\\namaste-react-js\\projects\\zomato\\src\\utils\\UserContext.js": {"path":"D:\\Work\\dev\\namaste-react-js\\projects\\zomato\\src\\utils\\UserContext.js","statementMap":{"0":{"start":{"line":2,"column":20},"end":{"line":4,"column":2}}},"fnMap":{},"branchMap":{},"s":{"0":2},"f":{},"b":{},"_coverageSchema":"1a1c01bbd47fc00a2c39e90264f33305004495a9","hash":"0b7306896a1bcdfc359a525fb52187007eb9a0e7"}
,"D:\\Work\\dev\\namaste-react-js\\projects\\zomato\\src\\utils\\appStore.js": {"path":"D:\\Work\\dev\\namaste-react-js\\projects\\zomato\\src\\utils\\appStore.js","statementMap":{"0":{"start":{"line":4,"column":17},"end":{"line":8,"column":2}}},"fnMap":{},"branchMap":{},"s":{"0":1},"f":{},"b":{},"_coverageSchema":"1a1c01bbd47fc00a2c39e90264f33305004495a9","hash":"304868650c878df5125f7ff19a23330cfb2bea84"}
,"D:\\Work\\dev\\namaste-react-js\\projects\\zomato\\src\\utils\\cartSlice.js": {"path":"D:\\Work\\dev\\namaste-react-js\\projects\\zomato\\src\\utils\\cartSlice.js","statementMap":{"0":{"start":{"line":3,"column":18},"end":{"line":31,"column":2}},"1":{"start":{"line":18,"column":6},"end":{"line":18,"column":39}},"2":{"start":{"line":21,"column":6},"end":{"line":21,"column":24}},"3":{"start":{"line":28,"column":6},"end":{"line":28,"column":27}},"4":{"start":{"line":33,"column":50},"end":{"line":33,"column":67}}},"fnMap":{"0":{"name":"(anonymous_0)","decl":{"start":{"line":9,"column":13},"end":{"line":9,"column":14}},"loc":{"start":{"line":9,"column":32},"end":{"line":19,"column":5}},"line":9},"1":{"name":"(anonymous_1)","decl":{"start":{"line":20,"column":16},"end":{"line":20,"column":17}},"loc":{"start":{"line":20,"column":35},"end":{"line":22,"column":5}},"line":20},"2":{"name":"(anonymous_2)","decl":{"start":{"line":24,"column":15},"end":{"line":24,"column":16}},"loc":{"start":{"line":24,"column":34},"end":{"line":29,"column":5}},"line":24}},"branchMap":{},"s":{"0":1,"1":0,"2":0,"3":0,"4":1},"f":{"0":0,"1":0,"2":0},"b":{},"_coverageSchema":"1a1c01bbd47fc00a2c39e90264f33305004495a9","hash":"25b27d2790946ee1db1749b67aa1e4d805f1b1cc"}
,"D:\\Work\\dev\\namaste-react-js\\projects\\zomato\\src\\utils\\useOnlineStatus.js": {"path":"D:\\Work\\dev\\namaste-react-js\\projects\\zomato\\src\\utils\\useOnlineStatus.js","statementMap":{"0":{"start":{"line":3,"column":24},"end":{"line":15,"column":1}},"1":{"start":{"line":4,"column":30},"end":{"line":4,"column":44}},"2":{"start":{"line":5,"column":2},"end":{"line":12,"column":9}},"3":{"start":{"line":6,"column":4},"end":{"line":8,"column":6}},"4":{"start":{"line":7,"column":6},"end":{"line":7,"column":22}},"5":{"start":{"line":9,"column":4},"end":{"line":11,"column":6}},"6":{"start":{"line":10,"column":6},"end":{"line":10,"column":23}},"7":{"start":{"line":14,"column":2},"end":{"line":14,"column":16}}},"fnMap":{"0":{"name":"(anonymous_0)","decl":{"start":{"line":3,"column":24},"end":{"line":3,"column":25}},"loc":{"start":{"line":3,"column":30},"end":{"line":15,"column":1}},"line":3},"1":{"name":"(anonymous_1)","decl":{"start":{"line":5,"column":12},"end":{"line":5,"column":13}},"loc":{"start":{"line":5,"column":18},"end":{"line":12,"column":3}},"line":5},"2":{"name":"(anonymous_2)","decl":{"start":{"line":6,"column":38},"end":{"line":6,"column":39}},"loc":{"start":{"line":6,"column":49},"end":{"line":8,"column":5}},"line":6},"3":{"name":"(anonymous_3)","decl":{"start":{"line":9,"column":39},"end":{"line":9,"column":40}},"loc":{"start":{"line":9,"column":50},"end":{"line":11,"column":5}},"line":9}},"branchMap":{},"s":{"0":1,"1":5,"2":5,"3":4,"4":0,"5":4,"6":0,"7":5},"f":{"0":5,"1":4,"2":0,"3":0},"b":{},"_coverageSchema":"1a1c01bbd47fc00a2c39e90264f33305004495a9","hash":"c8796e9f39f3d71a9d5e5addff84b1e4180bc4ec"}
}
